<?xml version="1.0" encoding="UTF-8"?>
<!-- Generated by org.testng.reporters.JUnitXMLReporter -->
<testsuite hostname="HYHC-71888-WL" ignored="0" name="EnvironmentTest" tests="3" failures="0" timestamp="2022-06-15T01:10:32 PDT" time="0.051" errors="0">
  <testcase name="failedAuthenticationTest" time="0.006" classname="com.xoriant.qa.testclasses.EnvironmentTest"/>
  <testcase name="newUserAuthenticationTest" time="0.001" classname="com.xoriant.qa.testclasses.EnvironmentTest"/>
  <testcase name="validAuthenticationTest" time="0.001" classname="com.xoriant.qa.testclasses.EnvironmentTest"/>
</testsuite> <!-- EnvironmentTest -->
