<?xml version="1.0" encoding="UTF-8"?>
<!-- Generated by org.testng.reporters.JUnitXMLReporter -->
<testsuite hostname="HYHC-71888-WL" ignored="6" name="Verbose Test" tests="3" failures="0" timestamp="2022-06-17T05:58:26 PDT" time="62.839" errors="0">
  <testcase name="loginWithInvalidUsernameAndValidPassword" time="25.432" classname="com.xoriant.qa.testclasses.LoginTest"/>
  <testcase name="loginWithValidUsernameAndInvalidPassword" time="13.395" classname="com.xoriant.qa.testclasses.LoginTest"/>
  <testcase name="loginWithValidUsernameAndValidPassword" time="13.375" classname="com.xoriant.qa.testclasses.LoginTest"/>
  <testcase name="resetPasswordLinkNavigation" time="0.0" classname="com.xoriant.qa.testclasses.LoginTest">
    <ignored/>
  </testcase> <!-- resetPasswordLinkNavigation -->
  <testcase name="loginWithEmptyUsernameAndEmptyPassword" time="0.0" classname="com.xoriant.qa.testclasses.LoginTest">
    <ignored/>
  </testcase> <!-- loginWithEmptyUsernameAndEmptyPassword -->
  <testcase name="loginWithInvalidUsernameAndInvalidPassword" time="0.0" classname="com.xoriant.qa.testclasses.LoginTest">
    <ignored/>
  </testcase> <!-- loginWithInvalidUsernameAndInvalidPassword -->
  <testcase name="loginWithValidUsernameAndEmptyPassword" time="0.0" classname="com.xoriant.qa.testclasses.LoginTest">
    <ignored/>
  </testcase> <!-- loginWithValidUsernameAndEmptyPassword -->
  <testcase name="signUpButtonNavigation" time="0.0" classname="com.xoriant.qa.testclasses.LoginTest">
    <ignored/>
  </testcase> <!-- signUpButtonNavigation -->
  <testcase name="loginWithEmptyUsernameAndValidPassword" time="0.0" classname="com.xoriant.qa.testclasses.LoginTest">
    <ignored/>
  </testcase> <!-- loginWithEmptyUsernameAndValidPassword -->
</testsuite> <!-- Verbose Test -->
