<?xml version="1.0" encoding="UTF-8"?>
<testng-results skipped="0" failed="0" ignored="6" total="9" passed="3">
  <reporter-output>
  </reporter-output>
  <suite name="TestNGPractice" duration-ms="62839" started-at="2022-06-17T05:57:24 PDT" finished-at="2022-06-17T05:58:26 PDT">
    <groups>
    </groups>
    <test name="Verbose Test" duration-ms="62839" started-at="2022-06-17T05:57:24 PDT" finished-at="2022-06-17T05:58:26 PDT">
      <class name="com.xoriant.qa.testclasses.LoginTest">
        <test-method status="PASS" signature="setUp(org.testng.ITestContext)[pri:0, instance:com.xoriant.qa.testclasses.LoginTest@31d7b7bf]" name="setUp" is-config="true" duration-ms="4974" started-at="2022-06-17T05:57:24 PDT" finished-at="2022-06-17T05:57:29 PDT">
          <params>
            <param index="0">
              <value>
                <![CDATA[org.testng.TestRunner@9573b3b]]>
              </value>
            </param>
          </params>
          <reporter-output>
          </reporter-output>
        </test-method> <!-- setUp -->
        <test-method status="PASS" signature="loginWithInvalidUsernameAndValidPassword(org.testng.ITestContext)[pri:0, instance:com.xoriant.qa.testclasses.LoginTest@31d7b7bf]" name="loginWithInvalidUsernameAndValidPassword" duration-ms="25432" started-at="2022-06-17T05:57:29 PDT" finished-at="2022-06-17T05:57:54 PDT">
          <params>
            <param index="0">
              <value>
                <![CDATA[org.testng.TestRunner@9573b3b]]>
              </value>
            </param>
          </params>
          <reporter-output>
          </reporter-output>
        </test-method> <!-- loginWithInvalidUsernameAndValidPassword -->
        <test-method status="PASS" signature="tearDown()[pri:0, instance:com.xoriant.qa.testclasses.LoginTest@31d7b7bf]" name="tearDown" is-config="true" duration-ms="122" started-at="2022-06-17T05:57:54 PDT" finished-at="2022-06-17T05:57:54 PDT">
          <reporter-output>
          </reporter-output>
        </test-method> <!-- tearDown -->
        <test-method status="PASS" signature="setUp(org.testng.ITestContext)[pri:0, instance:com.xoriant.qa.testclasses.LoginTest@31d7b7bf]" name="setUp" is-config="true" duration-ms="2583" started-at="2022-06-17T05:57:54 PDT" finished-at="2022-06-17T05:57:57 PDT">
          <params>
            <param index="0">
              <value>
                <![CDATA[org.testng.TestRunner@9573b3b]]>
              </value>
            </param>
          </params>
          <reporter-output>
          </reporter-output>
        </test-method> <!-- setUp -->
        <test-method status="PASS" signature="loginWithValidUsernameAndInvalidPassword(org.testng.ITestContext)[pri:0, instance:com.xoriant.qa.testclasses.LoginTest@31d7b7bf]" name="loginWithValidUsernameAndInvalidPassword" duration-ms="13395" started-at="2022-06-17T05:57:57 PDT" finished-at="2022-06-17T05:58:10 PDT">
          <params>
            <param index="0">
              <value>
                <![CDATA[org.testng.TestRunner@9573b3b]]>
              </value>
            </param>
          </params>
          <reporter-output>
          </reporter-output>
        </test-method> <!-- loginWithValidUsernameAndInvalidPassword -->
        <test-method status="PASS" signature="tearDown()[pri:0, instance:com.xoriant.qa.testclasses.LoginTest@31d7b7bf]" name="tearDown" is-config="true" duration-ms="106" started-at="2022-06-17T05:58:10 PDT" finished-at="2022-06-17T05:58:10 PDT">
          <reporter-output>
          </reporter-output>
        </test-method> <!-- tearDown -->
        <test-method status="PASS" signature="setUp(org.testng.ITestContext)[pri:0, instance:com.xoriant.qa.testclasses.LoginTest@31d7b7bf]" name="setUp" is-config="true" duration-ms="2564" started-at="2022-06-17T05:58:10 PDT" finished-at="2022-06-17T05:58:13 PDT">
          <params>
            <param index="0">
              <value>
                <![CDATA[org.testng.TestRunner@9573b3b]]>
              </value>
            </param>
          </params>
          <reporter-output>
          </reporter-output>
        </test-method> <!-- setUp -->
        <test-method status="PASS" signature="loginWithValidUsernameAndValidPassword(org.testng.ITestContext)[pri:0, instance:com.xoriant.qa.testclasses.LoginTest@31d7b7bf]" name="loginWithValidUsernameAndValidPassword" duration-ms="13375" started-at="2022-06-17T05:58:13 PDT" description="valid username and valid password" finished-at="2022-06-17T05:58:26 PDT">
          <params>
            <param index="0">
              <value>
                <![CDATA[org.testng.TestRunner@9573b3b]]>
              </value>
            </param>
          </params>
          <reporter-output>
          </reporter-output>
        </test-method> <!-- loginWithValidUsernameAndValidPassword -->
        <test-method status="PASS" signature="tearDown()[pri:0, instance:com.xoriant.qa.testclasses.LoginTest@31d7b7bf]" name="tearDown" is-config="true" duration-ms="101" started-at="2022-06-17T05:58:26 PDT" finished-at="2022-06-17T05:58:26 PDT">
          <reporter-output>
          </reporter-output>
        </test-method> <!-- tearDown -->
      </class> <!-- com.xoriant.qa.testclasses.LoginTest -->
    </test> <!-- Verbose Test -->
  </suite> <!-- TestNGPractice -->
</testng-results>
